Tue Oct 10 02:20:15 CST 2023 AUTO GIT
Tue Oct 10 02:34:50 CST 2023 AUTO GIT
Tue Oct 10 02:36:18 CST 2023 AUTO GIT
Tue Oct 10 02:37:07 CST 2023 AUTO GIT
Tue Oct 10 10:09:27 CST 2023 AUTO GIT
Tue Oct 10 10:10:55 CST 2023 请先配置好 Git 信息
Tue Oct 10 14:38:53 CST 2023 AUTO GIT
Tue Oct 10 14:41:33 CST 2023 AUTO GIT
Tue Oct 10 17:38:59 CST 2023 AUTO GIT
Tue Oct 10 17:45:26 CST 2023 AUTO GIT
Tue Oct 17 01:27:39 CST 2023 AUTO GIT
Tue Oct 17 01:28:18 CST 2023 AUTO GIT
Tue Oct 17 01:29:17 CST 2023 AUTO GIT
Tue Oct 17 01:34:40 CST 2023 AUTO GIT
Wed Oct 18 01:44:45 CST 2023 AUTO GIT
Wed Oct 18 01:46:05 CST 2023 AUTO GIT
Wed Oct 18 01:50:26 CST 2023 AUTO GIT
Wed Oct 18 01:53:06 CST 2023 AUTO GIT
Wed Oct 18 01:55:41 CST 2023 AUTO GIT
Wed Oct 25 01:04:28 CST 2023 AUTO GIT
Wed Oct 25 01:05:16 CST 2023 AUTO GIT
Wed Oct 25 01:07:35 CST 2023 AUTO GIT
Wed Oct 25 01:55:50 CST 2023 AUTO GIT
Wed Oct 25 01:59:24 CST 2023 AUTO GIT
Wed Oct 25 02:10:51 CST 2023 AUTO GIT
Wed Oct 25 02:29:15 CST 2023 AUTO GIT
Wed Oct 25 19:32:01 CST 2023 AUTO GIT
Wed Oct 25 19:33:54 CST 2023 AUTO GIT
Wed Oct 25 19:34:03 CST 2023 AUTO GIT
Wed Oct 25 19:34:36 CST 2023 AUTO GIT
Wed Oct 25 19:37:49 CST 2023 AUTO GIT
Wed Oct 25 19:41:29 CST 2023 AUTO GIT
Wed Oct 25 19:52:47 CST 2023 AUTO GIT
Wed Oct 25 19:54:28 CST 2023 AUTO GIT
Wed Oct 25 19:55:19 CST 2023 AUTO GIT
Fri Oct 27 09:30:03 CST 2023 AUTO GIT
Fri Oct 27 09:42:19 CST 2023 AUTO GIT
Fri Oct 27 10:28:38 CST 2023 AUTO GIT
Fri Oct 27 10:43:53 CST 2023 AUTO GIT
Fri Oct 27 14:33:31 CST 2023 AUTO GIT
Fri Nov  3 14:17:12 CST 2023 AUTO GIT
Fri Nov  3 15:03:32 CST 2023 AUTO GIT
